07/May/2022:09:48:27 +0530 [http-nio-8095-exec-2] INFO  com.CQCMP.CQCMP.Controller.CQCMPController - [Admin-Login] 
07/May/2022:09:48:27 +0530 [http-nio-8095-exec-2] INFO  com.CQCMP.CQCMP.Controller.CQCMPController - [Admin-Login] - Successful
07/May/2022:09:48:34 +0530 [http-nio-8095-exec-4] INFO  com.CQCMP.CQCMP.Controller.CQCMPController - [Get-FreeRooms] 
07/May/2022:09:48:35 +0530 [http-nio-8095-exec-6] INFO  com.CQCMP.CQCMP.Controller.CQCMPController - [Get-Allocations] 
07/May/2022:09:48:38 +0530 [http-nio-8095-exec-8] INFO  com.CQCMP.CQCMP.Controller.CQCMPController - [Get-Positive Students] 
07/May/2022:09:49:59 +0530 [http-nio-8095-exec-1] INFO  com.CQCMP.CQCMP.Controller.CQCMPController - [Get-Allocations] 
07/May/2022:09:50:01 +0530 [http-nio-8095-exec-3] INFO  com.CQCMP.CQCMP.Controller.CQCMPController - [Get-FreeRooms] 
07/May/2022:09:50:04 +0530 [http-nio-8095-exec-5] INFO  com.CQCMP.CQCMP.Controller.CQCMPController - [Get-Positive Students] 
07/May/2022:09:53:02 +0530 [http-nio-8095-exec-2] INFO  com.CQCMP.CQCMP.Controller.CQCMPController - [Get-FreeRooms] 
07/May/2022:09:53:05 +0530 [http-nio-8095-exec-4] INFO  com.CQCMP.CQCMP.Controller.CQCMPController - [Get-Allocations] 
07/May/2022:09:53:07 +0530 [http-nio-8095-exec-6] INFO  com.CQCMP.CQCMP.Controller.CQCMPController - [Get-Positive Students] 
07/May/2022:09:53:11 +0530 [http-nio-8095-exec-8] INFO  com.CQCMP.CQCMP.Controller.CQCMPController - [Get-FreeRooms] 
07/May/2022:09:53:16 +0530 [http-nio-8095-exec-10] INFO  com.CQCMP.CQCMP.Controller.CQCMPController - [Get-Allocations] 
07/May/2022:11:11:25 +0530 [http-nio-8095-exec-2] INFO  com.CQCMP.CQCMP.Controller.CQCMPController - [Admin-Login] 
07/May/2022:11:11:25 +0530 [http-nio-8095-exec-2] INFO  com.CQCMP.CQCMP.Controller.CQCMPController - [Admin-Login] - Successful
07/May/2022:11:11:44 +0530 [http-nio-8095-exec-4] INFO  com.CQCMP.CQCMP.Controller.CQCMPController - [Get-FreeRooms] 
07/May/2022:11:11:45 +0530 [http-nio-8095-exec-6] INFO  com.CQCMP.CQCMP.Controller.CQCMPController - [Get-Allocations] 
07/May/2022:11:11:47 +0530 [http-nio-8095-exec-8] INFO  com.CQCMP.CQCMP.Controller.CQCMPController - [Get-Positive Students] 
07/May/2022:11:16:15 +0530 [http-nio-8095-exec-1] INFO  com.CQCMP.CQCMP.Controller.CQCMPController - [Get-FreeRooms] 
07/May/2022:11:16:19 +0530 [http-nio-8095-exec-3] INFO  com.CQCMP.CQCMP.Controller.CQCMPController - [Get-Allocations] 
07/May/2022:11:16:21 +0530 [http-nio-8095-exec-5] INFO  com.CQCMP.CQCMP.Controller.CQCMPController - [Get-FreeRooms] 
07/May/2022:11:18:41 +0530 [http-nio-8095-exec-8] INFO  com.CQCMP.CQCMP.Controller.CQCMPController - [Get-Allocations] 
07/May/2022:11:18:44 +0530 [http-nio-8095-exec-10] INFO  com.CQCMP.CQCMP.Controller.CQCMPController - [Get-Positive Students] 
07/May/2022:11:20:30 +0530 [http-nio-8095-exec-3] INFO  com.CQCMP.CQCMP.Controller.CQCMPController - [Admin-Login] 
07/May/2022:11:20:30 +0530 [http-nio-8095-exec-3] INFO  com.CQCMP.CQCMP.Controller.CQCMPController - [Admin-Login] - Successful
07/May/2022:11:20:39 +0530 [http-nio-8095-exec-5] INFO  com.CQCMP.CQCMP.Controller.CQCMPController - [Get-FreeRooms] 
07/May/2022:11:20:42 +0530 [http-nio-8095-exec-7] INFO  com.CQCMP.CQCMP.Controller.CQCMPController - [Get-Allocations] 
07/May/2022:11:20:45 +0530 [http-nio-8095-exec-9] INFO  com.CQCMP.CQCMP.Controller.CQCMPController - [Get-Positive Students] 
07/May/2022:11:21:23 +0530 [http-nio-8095-exec-10] INFO  com.CQCMP.CQCMP.Controller.CQCMPController - [Admin-Login] 
07/May/2022:11:21:23 +0530 [http-nio-8095-exec-10] INFO  com.CQCMP.CQCMP.Controller.CQCMPController - [Admin-Login] - Successful
07/May/2022:11:21:30 +0530 [http-nio-8095-exec-2] INFO  com.CQCMP.CQCMP.Controller.CQCMPController - [Get-Allocations] 
07/May/2022:11:25:14 +0530 [http-nio-8095-exec-5] INFO  com.CQCMP.CQCMP.Controller.CQCMPController - [Admin-Login] 
07/May/2022:11:25:14 +0530 [http-nio-8095-exec-5] INFO  com.CQCMP.CQCMP.Controller.CQCMPController - [Admin-Login] - Successful
07/May/2022:11:25:18 +0530 [http-nio-8095-exec-7] INFO  com.CQCMP.CQCMP.Controller.CQCMPController - [Get-Allocations] 
07/May/2022:11:27:03 +0530 [http-nio-8095-exec-9] INFO  com.CQCMP.CQCMP.Controller.CQCMPController - [Admin-Login] 
07/May/2022:11:27:03 +0530 [http-nio-8095-exec-9] INFO  com.CQCMP.CQCMP.Controller.CQCMPController - [Admin-Login] - Successful
07/May/2022:11:27:56 +0530 [http-nio-8095-exec-10] INFO  com.CQCMP.CQCMP.Controller.CQCMPController - [Admin-Login] 
07/May/2022:11:27:56 +0530 [http-nio-8095-exec-10] INFO  com.CQCMP.CQCMP.Controller.CQCMPController - [Admin-Login] - Successful
07/May/2022:11:29:53 +0530 [http-nio-8095-exec-4] INFO  com.CQCMP.CQCMP.Controller.CQCMPController - [Admin-Login] 
07/May/2022:11:29:53 +0530 [http-nio-8095-exec-4] INFO  com.CQCMP.CQCMP.Controller.CQCMPController - [Admin-Login] - Successful
